<?xml version="1.0" encoding="UTF-8"?>
<!-- Generated by org.testng.reporters.JUnitXMLReporter -->
<testsuite ignored="0" hostname="SBFOPRGGN201327" failures="0" tests="6" name="Default test" time="9.402" errors="0" timestamp="2024-06-17T11:36:59 IST">
  <testcase classname="com.qa.api.tests.DataDrivenTest" name="testPostUser" time="2.721"/>
  <testcase classname="com.qa.api.tests.DataDrivenTest" name="testPostUser" time="1.119"/>
  <testcase classname="com.qa.api.tests.DataDrivenTest" name="testPostUser" time="1.119"/>
  <testcase classname="com.qa.api.tests.DataDrivenTest" name="testDeleteUserByName" time="1.137"/>
  <testcase classname="com.qa.api.tests.DataDrivenTest" name="testDeleteUserByName" time="1.121"/>
  <testcase classname="com.qa.api.tests.DataDrivenTest" name="testDeleteUserByName" time="1.099"/>
</testsuite> <!-- Default test -->
