<?xml version="1.0" encoding="UTF-8"?>
<testng-results ignored="0" total="4" passed="4" failed="0" skipped="0">
  <reporter-output>
  </reporter-output>
  <suite started-at="2024-06-17T12:44:48 IST" name="PetSuite" finished-at="2024-06-17T12:44:57 IST" duration-ms="8701">
    <groups>
    </groups>
    <test started-at="2024-06-17T12:44:48 IST" name="PetTest" finished-at="2024-06-17T12:44:57 IST" duration-ms="8701">
      <class name="com.qa.api.tests.UserTests">
        <test-method is-config="true" signature="setupData()[pri:0, instance:com.qa.api.tests.UserTests@673fdbce]" started-at="2024-06-17T12:44:49 IST" name="setupData" finished-at="2024-06-17T12:44:49 IST" duration-ms="190" status="PASS">
          <reporter-output>
          </reporter-output>
        </test-method> <!-- setupData -->
        <test-method signature="testPostUser()[pri:1, instance:com.qa.api.tests.UserTests@673fdbce]" started-at="2024-06-17T12:44:49 IST" name="testPostUser" finished-at="2024-06-17T12:44:53 IST" duration-ms="3590" status="PASS">
          <reporter-output>
          </reporter-output>
        </test-method> <!-- testPostUser -->
        <test-method signature="testGetUserByName()[pri:2, instance:com.qa.api.tests.UserTests@673fdbce]" started-at="2024-06-17T12:44:53 IST" name="testGetUserByName" finished-at="2024-06-17T12:44:54 IST" duration-ms="1176" status="PASS">
          <reporter-output>
          </reporter-output>
        </test-method> <!-- testGetUserByName -->
        <test-method signature="testUpdateUserByName()[pri:3, instance:com.qa.api.tests.UserTests@673fdbce]" started-at="2024-06-17T12:44:54 IST" name="testUpdateUserByName" finished-at="2024-06-17T12:44:56 IST" duration-ms="2333" status="PASS">
          <reporter-output>
          </reporter-output>
        </test-method> <!-- testUpdateUserByName -->
        <test-method signature="testDeleteuserByName()[pri:4, instance:com.qa.api.tests.UserTests@673fdbce]" started-at="2024-06-17T12:44:56 IST" name="testDeleteuserByName" finished-at="2024-06-17T12:44:57 IST" duration-ms="1127" status="PASS">
          <reporter-output>
          </reporter-output>
        </test-method> <!-- testDeleteuserByName -->
      </class> <!-- com.qa.api.tests.UserTests -->
    </test> <!-- PetTest -->
  </suite> <!-- PetSuite -->
</testng-results>
