<?xml version="1.0" encoding="UTF-8"?>
<!-- Generated by org.testng.reporters.JUnitXMLReporter -->
<testsuite ignored="0" hostname="SBFOPRGGN201327" failures="0" tests="4" name="PetTest" time="8.701" errors="0" timestamp="2024-06-17T12:44:57 IST">
  <testcase classname="com.qa.api.tests.UserTests" name="testPostUser" time="3.59"/>
  <testcase classname="com.qa.api.tests.UserTests" name="testGetUserByName" time="1.176"/>
  <testcase classname="com.qa.api.tests.UserTests" name="testUpdateUserByName" time="2.333"/>
  <testcase classname="com.qa.api.tests.UserTests" name="testDeleteuserByName" time="1.127"/>
</testsuite> <!-- PetTest -->
